<?xml version="1.0" encoding="UTF-8"?>
<testsuite xmlns:xsi="http://www.w3.org/2001/XMLSchema-instance" xsi:noNamespaceSchemaLocation="https://maven.apache.org/surefire/maven-surefire-plugin/xsd/surefire-test-report-3.0.xsd" version="3.0" name="com.porfolio.BackEnd.BackEndApplicationTests" time="8.434" tests="1" errors="0" skipped="0" failures="0">
  <properties>
[...]
</properties>
  <testcase name="contextLoads" classname="com.porfolio.BackEnd.BackEndApplicationTests" time="0.081">
    <system-out><![CDATA[11:36:13.402 [main] DEBUG org.springframework.boot.test.context.SpringBootTestContextBootstrapper -- Neither @ContextConfiguration nor @ContextHierarchy found for test class [BackEndApplicationTests]: using SpringBootContextLoader
11:36:13.404 [main] DEBUG org.springframework.test.context.support.AbstractContextLoader -- Could not detect default resource locations for test class [com.porfolio.BackEnd.BackEndApplicationTests]: no resource found for suffixes {-context.xml, Context.groovy}.
11:36:13.404 [main] INFO org.springframework.test.context.support.AnnotationConfigContextLoaderUtils -- Could not detect default configuration classes for test class [com.porfolio.BackEnd.BackEndApplicationTests]: BackEndApplicationTests does not declare any static, non-private, non-final, nested classes annotated with @Configuration.
11:36:13.416 [main] DEBUG org.springframework.boot.test.context.SpringBootTestContextBootstrapper -- Using ContextCustomizers for test class [BackEndApplicationTests]: [ExcludeFilterContextCustomizer, DuplicateJsonObjectContextCustomizer, MockitoContextCustomizer, TestRestTemplateContextCustomizer, DisableObservabilityContextCustomizer, PropertyMappingContextCustomizer, Customizer]
11:36:13.454 [main] DEBUG org.springframework.context.annotation.ClassPathScanningCandidateComponentProvider -- Identified candidate component class: file [D:\Yo Programo\_Proyecto\PortfolioBackEnd\target\classes\com\porfolio\BackEnd\BackEndApplication.class]
11:36:13.455 [main] INFO org.springframework.boot.test.context.SpringBootTestContextBootstrapper -- Found @SpringBootConfiguration com.porfolio.BackEnd.BackEndApplication for test class com.porfolio.BackEnd.BackEndApplicationTests
11:36:13.514 [main] DEBUG org.springframework.boot.test.context.SpringBootTestContextBootstrapper -- Using TestExecutionListeners for test class [BackEndApplicationTests]: [ServletTestExecutionListener, DirtiesContextBeforeModesTestExecutionListener, ApplicationEventsTestExecutionListener, MockitoTestExecutionListener, DependencyInjectionTestExecutionListener, DirtiesContextTestExecutionListener, TransactionalTestExecutionListener, SqlScriptsTestExecutionListener, EventPublishingTestExecutionListener, WithSecurityContextTestExecutionListener, ReactorContextTestExecutionListener, ResetMocksTestExecutionListener, RestDocsTestExecutionListener, MockRestServiceServerResetTestExecutionListener, MockMvcPrintOnlyOnFailureTestExecutionListener, WebDriverTestExecutionListener, MockWebServiceServerTestExecutionListener]
11:36:13.515 [main] DEBUG org.springframework.test.context.support.AbstractDirtiesContextTestExecutionListener -- Before test class: class [BackEndApplicationTests], class annotated with @DirtiesContext [false] with mode [null]

  .   ____          _            __ _ _
 /\\ / ___'_ __ _ _(_)_ __  __ _ \ \ \ \
( ( )\___ | '_ | '_| | '_ \/ _` | \ \ \ \
 \\/  ___)| |_)| | | | | || (_| |  ) ) ) )
  '  |____| .__|_| |_|_| |_\__, | / / / /
 =========|_|==============|___/=/_/_/_/
 :: Spring Boot ::                (v3.0.6)

2023-05-07T11:36:13.673-03:00  INFO 1824 --- [           main] c.p.BackEnd.BackEndApplicationTests      : Starting BackEndApplicationTests using Java 17.0.4.1 with PID 1824 (started by German in D:\Yo Programo\_Proyecto\PortfolioBackEnd)
2023-05-07T11:36:13.674-03:00  INFO 1824 --- [           main] c.p.BackEnd.BackEndApplicationTests      : No active profile set, falling back to 1 default profile: "default"
2023-05-07T11:36:14.020-03:00  INFO 1824 --- [           main] .s.d.r.c.RepositoryConfigurationDelegate : Bootstrapping Spring Data JPA repositories in DEFAULT mode.
2023-05-07T11:36:14.064-03:00  INFO 1824 --- [           main] .s.d.r.c.RepositoryConfigurationDelegate : Finished Spring Data repository scanning in 39 ms. Found 7 JPA repository interfaces.
2023-05-07T11:36:14.349-03:00  INFO 1824 --- [           main] o.hibernate.jpa.internal.util.LogHelper  : HHH000204: Processing PersistenceUnitInfo [name: default]
2023-05-07T11:36:14.395-03:00  INFO 1824 --- [           main] org.hibernate.Version                    : HHH000412: Hibernate ORM core version 6.1.7.Final
2023-05-07T11:36:14.584-03:00  INFO 1824 --- [           main] com.zaxxer.hikari.HikariDataSource       : HikariPool-1 - Starting...
2023-05-07T11:36:17.454-03:00  INFO 1824 --- [           main] com.zaxxer.hikari.pool.HikariPool        : HikariPool-1 - Added connection com.mysql.cj.jdbc.ConnectionImpl@1c2dd89b
2023-05-07T11:36:17.456-03:00  INFO 1824 --- [           main] com.zaxxer.hikari.HikariDataSource       : HikariPool-1 - Start completed.
2023-05-07T11:36:17.938-03:00  INFO 1824 --- [           main] SQL dialect                              : HHH000400: Using dialect: org.hibernate.dialect.MySQLDialect
2023-05-07T11:36:20.785-03:00  INFO 1824 --- [           main] o.h.e.t.j.p.i.JtaPlatformInitiator       : HHH000490: Using JtaPlatform implementation: [org.hibernate.engine.transaction.jta.platform.internal.NoJtaPlatform]
2023-05-07T11:36:20.793-03:00  INFO 1824 --- [           main] j.LocalContainerEntityManagerFactoryBean : Initialized JPA EntityManagerFactory for persistence unit 'default'
2023-05-07T11:36:21.242-03:00  WARN 1824 --- [           main] JpaBaseConfiguration$JpaWebConfiguration : spring.jpa.open-in-view is enabled by default. Therefore, database queries may be performed during view rendering. Explicitly configure spring.jpa.open-in-view to disable this warning
2023-05-07T11:36:21.490-03:00  INFO 1824 --- [           main] o.s.s.web.DefaultSecurityFilterChain     : Will secure any request with [org.springframework.security.web.session.DisableEncodeUrlFilter@496004e3, org.springframework.security.web.context.request.async.WebAsyncManagerIntegrationFilter@df34b01, org.springframework.security.web.context.SecurityContextHolderFilter@3a1e5fa7, org.springframework.security.web.header.HeaderWriterFilter@2f0e7008, org.springframework.web.filter.CorsFilter@703947bd, org.springframework.security.web.authentication.logout.LogoutFilter@2dbc66f0, com.porfolio.BackEnd.security.jwt.JwtTokenFilter@be9bf2e, org.springframework.security.web.savedrequest.RequestCacheAwareFilter@498f1f63, org.springframework.security.web.servletapi.SecurityContextHolderAwareRequestFilter@6250d33c, org.springframework.security.web.authentication.AnonymousAuthenticationFilter@f31b991, org.springframework.security.web.session.SessionManagementFilter@758ac46, org.springframework.security.web.access.ExceptionTranslationFilter@58701e8c, org.springframework.security.web.access.intercept.AuthorizationFilter@f9979cf]
2023-05-07T11:36:21.661-03:00  INFO 1824 --- [           main] c.p.BackEnd.BackEndApplicationTests      : Started BackEndApplicationTests in 8.126 seconds (process running for 8.586)
]]></system-out>
  </testcase>
</testsuite>